<?xml version="1.0" encoding="UTF-8"?>
<!-- Generated by org.testng.reporters.JUnitXMLReporter -->
<testsuite ignored="3" hostname="DESKTOP-3OONJHS" failures="0" tests="1" name="Default test" time="0.664" errors="0" timestamp="2024-09-20T03:08:48 AST">
  <testcase classname="dataBaseProject.DataTestMySQL" name="readData" time="0.074"/>
  <testcase classname="dataBaseProject.DataTestMySQL" name="addData" time="0.0">
    <ignored/>
  </testcase> <!-- addData -->
  <testcase classname="dataBaseProject.DataTestMySQL" name="deleteData" time="0.0">
    <ignored/>
  </testcase> <!-- deleteData -->
  <testcase classname="dataBaseProject.DataTestMySQL" name="updateData" time="0.0">
    <ignored/>
  </testcase> <!-- updateData -->
</testsuite> <!-- Default test -->
